0 info it worked if it ends with ok
1 verbose cli [ '/usr/bin/node', '/usr/bin/npm', 'start' ]
2 info using npm@3.9.5
3 info using node@v4.4.5
4 verbose stack Error: ENOENT: no such file or directory, open '/home/xbrochard/Projets/Regards/ToolsLearning/package.json'
4 verbose stack     at Error (native)
5 verbose cwd /home/xbrochard/Projets/Regards/ToolsLearning
6 error Linux 3.10.0-327.18.2.el7.x86_64
7 error argv "/usr/bin/node" "/usr/bin/npm" "start"
8 error node v4.4.5
9 error npm  v3.9.5
10 error path /home/xbrochard/Projets/Regards/ToolsLearning/package.json
11 error code ENOENT
12 error errno -2
13 error syscall open
14 error enoent ENOENT: no such file or directory, open '/home/xbrochard/Projets/Regards/ToolsLearning/package.json'
15 error enoent ENOENT: no such file or directory, open '/home/xbrochard/Projets/Regards/ToolsLearning/package.json'
15 error enoent This is most likely not a problem with npm itself
15 error enoent and is related to npm not being able to find a file.
16 verbose exit [ -2, true ]
