0 info it worked if it ends with ok
1 verbose cli [ '/usr/bin/node', '/usr/bin/npm', 'start' ]
2 info using npm@3.9.5
3 info using node@v4.4.5
4 verbose run-script [ 'prestart', 'start', 'poststart' ]
5 info lifecycle lesson1@1.0.0~prestart: lesson1@1.0.0
6 silly lifecycle lesson1@1.0.0~prestart: no script for prestart, continuing
7 info lifecycle lesson1@1.0.0~start: lesson1@1.0.0
8 verbose lifecycle lesson1@1.0.0~start: unsafe-perm in lifecycle true
9 verbose lifecycle lesson1@1.0.0~start: PATH: /usr/lib/node_modules/npm/bin/node-gyp-bin:/home/xbrochard/Projets/Regards/ToolsLearning/Egghead/node_modules/.bin:/usr/bin:/usr/local/maven:/usr/local/maven/bin:/opt/jdk1.8.0_91/bin:/usr/lib64/qt-3.3/bin:/usr/local/maven:/usr/local/maven/bin:/usr/local/bin:/usr/local/sbin:/usr/bin:/usr/sbin:/bin:/sbin:/home/xbrochard/.local/bin:/home/xbrochard/bin
10 verbose lifecycle lesson1@1.0.0~start: CWD: /home/xbrochard/Projets/Regards/ToolsLearning/Egghead
11 silly lifecycle lesson1@1.0.0~start: Args: [ '-c', 'webpack-dev-server' ]
12 silly lifecycle lesson1@1.0.0~start: Returned: code: 1  signal: null
13 info lifecycle lesson1@1.0.0~start: Failed to exec start script
14 verbose stack Error: lesson1@1.0.0 start: `webpack-dev-server`
14 verbose stack Exit status 1
14 verbose stack     at EventEmitter.<anonymous> (/usr/lib/node_modules/npm/lib/utils/lifecycle.js:245:16)
14 verbose stack     at emitTwo (events.js:87:13)
14 verbose stack     at EventEmitter.emit (events.js:172:7)
14 verbose stack     at ChildProcess.<anonymous> (/usr/lib/node_modules/npm/lib/utils/spawn.js:24:14)
14 verbose stack     at emitTwo (events.js:87:13)
14 verbose stack     at ChildProcess.emit (events.js:172:7)
14 verbose stack     at maybeClose (internal/child_process.js:827:16)
14 verbose stack     at Process.ChildProcess._handle.onexit (internal/child_process.js:211:5)
15 verbose pkgid lesson1@1.0.0
16 verbose cwd /home/xbrochard/Projets/Regards/ToolsLearning/Egghead
17 error Linux 3.10.0-327.18.2.el7.x86_64
18 error argv "/usr/bin/node" "/usr/bin/npm" "start"
19 error node v4.4.5
20 error npm  v3.9.5
21 error code ELIFECYCLE
22 error lesson1@1.0.0 start: `webpack-dev-server`
22 error Exit status 1
23 error Failed at the lesson1@1.0.0 start script 'webpack-dev-server'.
23 error Make sure you have the latest version of node.js and npm installed.
23 error If you do, this is most likely a problem with the lesson1 package,
23 error not with npm itself.
23 error Tell the author that this fails on your system:
23 error     webpack-dev-server
23 error You can get information on how to open an issue for this project with:
23 error     npm bugs lesson1
23 error Or if that isn't available, you can get their info via:
23 error     npm owner ls lesson1
23 error There is likely additional logging output above.
24 verbose exit [ 1, true ]
